--------------------------------------------------------------------------------
Release 14.7 Trace  (lin64)
Copyright (c) 1995-2013 Xilinx, Inc.  All rights reserved.

/home/qc/Builds/Xilinx/14.7/ISE_DS/ISE/bin/lin64/unwrapped/trce -intstyle ise
-v 3 -s 3 -n 3 -fastpaths -xml add4.twx add4.ncd -o add4.twr add4.pcf

Design file:              add4.ncd
Physical constraint file: add4.pcf
Device,package,speed:     xc7a100t,csg324,C,-3 (PRODUCTION 1.10 2013-10-13)
Report level:             verbose report

Environment Variable      Effect 
--------------------      ------ 
NONE                      No environment variables were set
--------------------------------------------------------------------------------

INFO:Timing:2698 - No timing constraints found, doing default enumeration.
INFO:Timing:3412 - To improve timing, see the Timing Closure User Guide (UG612).
INFO:Timing:2752 - To get complete path coverage, use the unconstrained paths 
   option. All paths that are not constrained will be reported in the 
   unconstrained paths section(s) of the report.
INFO:Timing:3339 - The clock-to-out numbers in this timing report are based on 
   a 50 Ohm transmission line loading model.  For the details of this model, 
   and for more information on accounting for different loading conditions, 
   please see the device datasheet.



Data Sheet report:
-----------------
All values displayed in nanoseconds (ns)

Pad to Pad
---------------+---------------+---------+
Source Pad     |Destination Pad|  Delay  |
---------------+---------------+---------+
a<0>           |sum<0>         |    5.533|
a<0>           |sum<1>         |    5.608|
a<0>           |sum<2>         |    5.156|
a<0>           |sum<3>         |    5.608|
a<0>           |sum<4>         |    5.454|
a<1>           |sum<1>         |    5.480|
a<1>           |sum<2>         |    5.200|
a<1>           |sum<3>         |    5.846|
a<1>           |sum<4>         |    5.692|
a<2>           |sum<2>         |    5.363|
a<2>           |sum<3>         |    6.007|
a<2>           |sum<4>         |    5.853|
a<3>           |sum<3>         |    5.605|
a<3>           |sum<4>         |    5.455|
b<0>           |sum<0>         |    5.311|
b<0>           |sum<1>         |    5.394|
b<0>           |sum<2>         |    5.114|
b<0>           |sum<3>         |    5.565|
b<0>           |sum<4>         |    5.411|
b<1>           |sum<1>         |    5.701|
b<1>           |sum<2>         |    5.426|
b<1>           |sum<3>         |    5.747|
b<1>           |sum<4>         |    5.593|
b<2>           |sum<2>         |    5.067|
b<2>           |sum<3>         |    6.020|
b<2>           |sum<4>         |    5.866|
b<3>           |sum<3>         |    5.468|
b<3>           |sum<4>         |    5.308|
---------------+---------------+---------+


Analysis completed Thu Jan  5 12:59:15 2023 
--------------------------------------------------------------------------------

Trace Settings:
-------------------------
Trace Settings 

Peak Memory Usage: 752 MB



