--------------------------------------------------------------------------------
Release 14.7 Trace  (lin64)
Copyright (c) 1995-2013 Xilinx, Inc.  All rights reserved.

/home/qc/Builds/Xilinx/14.7/ISE_DS/ISE/bin/lin64/unwrapped/trce -intstyle ise
-v 3 -s 3 -n 3 -fastpaths -xml add4_preroute.twx add4_map.ncd -o
add4_preroute.twr add4.pcf

Design file:              add4_map.ncd
Physical constraint file: add4.pcf
Device,package,speed:     xc7a100t,csg324,C,-3 (PRODUCTION 1.10 2013-10-13)
Report level:             verbose report

Environment Variable      Effect 
--------------------      ------ 
NONE                      No environment variables were set
--------------------------------------------------------------------------------

INFO:Timing:2698 - No timing constraints found, doing default enumeration.
INFO:Timing:3412 - To improve timing, see the Timing Closure User Guide (UG612).
INFO:Timing:2752 - To get complete path coverage, use the unconstrained paths 
   option. All paths that are not constrained will be reported in the 
   unconstrained paths section(s) of the report.
INFO:Timing:3284 - This timing report was generated using estimated delay 
   information.  For accurate numbers, please refer to the post Place and Route 
   timing report.
INFO:Timing:3339 - The clock-to-out numbers in this timing report are based on 
   a 50 Ohm transmission line loading model.  For the details of this model, 
   and for more information on accounting for different loading conditions, 
   please see the device datasheet.



Data Sheet report:
-----------------
All values displayed in nanoseconds (ns)

Pad to Pad
---------------+---------------+---------+
Source Pad     |Destination Pad|  Delay  |
---------------+---------------+---------+
a<0>           |sum<0>         |    3.855|
a<0>           |sum<1>         |    3.936|
a<0>           |sum<2>         |    3.687|
a<0>           |sum<3>         |    4.087|
a<0>           |sum<4>         |    3.939|
a<1>           |sum<1>         |    4.116|
a<1>           |sum<2>         |    3.819|
a<1>           |sum<3>         |    4.267|
a<1>           |sum<4>         |    4.119|
a<2>           |sum<2>         |    4.015|
a<2>           |sum<3>         |    4.415|
a<2>           |sum<4>         |    4.267|
a<3>           |sum<3>         |    3.998|
a<3>           |sum<4>         |    3.844|
b<0>           |sum<0>         |    3.752|
b<0>           |sum<1>         |    3.825|
b<0>           |sum<2>         |    3.631|
b<0>           |sum<3>         |    4.031|
b<0>           |sum<4>         |    3.883|
b<1>           |sum<1>         |    4.010|
b<1>           |sum<2>         |    3.887|
b<1>           |sum<3>         |    4.239|
b<1>           |sum<4>         |    4.091|
b<2>           |sum<2>         |    4.020|
b<2>           |sum<3>         |    4.420|
b<2>           |sum<4>         |    4.272|
b<3>           |sum<3>         |    3.949|
b<3>           |sum<4>         |    3.793|
---------------+---------------+---------+


Analysis completed Wed Jan  4 01:49:16 2023 
--------------------------------------------------------------------------------

Trace Settings:
-------------------------
Trace Settings 

Peak Memory Usage: 751 MB



