Command line:
   tb_modaddn_mult5_isim_beh.exe
     -simmode  gui
     -simrunnum  0
     -socket  59413

Mon Dec  5 14:44:37 2022


 Elaboration Time: 0.01 sec

 Current Memory Usage: 184.099 Meg

 Total Signals          : 48
 Total Nets             : 90
 Total Signal Drivers   : 27
 Total Blocks           : 7
 Total Primitive Blocks : 4
 Total Processes        : 19
 Total Traceable Variables  : 19
 Total Scalar Nets and Variables : 579
Total Line Count : 86
Total Line Count : 86

 Total Simulation Time: 0.46 sec

 Current Memory Usage: 259.6 Meg

Mon Dec  5 15:25:31 2022

